<<<<<<< HEAD
[INFO  - 2015-07-30T09:28:03.309Z] GhostDriver - Main - running on port 36408
[INFO  - 2015-07-30T09:28:04.232Z] Session [4783e620-369d-11e5-9a08-9bf2407e2a9e] - page.settings - {"XSSAuditingEnabled":false,"javascriptCanCloseWindows":true,"javascriptCanOpenWindows":true,"javascriptEnabled":true,"loadImages":true,"localToRemoteUrlAccessEnabled":false,"userAgent":"Mozilla/5.0 (Unknown; Linux x86_64) AppleWebKit/538.1 (KHTML, like Gecko) PhantomJS/2.0.1-development Safari/538.1","webSecurityEnabled":true}
[INFO  - 2015-07-30T09:28:04.232Z] Session [4783e620-369d-11e5-9a08-9bf2407e2a9e] - page.customHeaders:  - {}
[INFO  - 2015-07-30T09:28:04.232Z] Session [4783e620-369d-11e5-9a08-9bf2407e2a9e] - Session.negotiatedCapabilities - {"browserName":"phantomjs","version":"2.0.1","driverName":"ghostdriver","driverVersion":"1.2.0","platform":"linux-unknown-64bit","javascriptEnabled":true,"takesScreenshot":true,"handlesAlerts":false,"databaseEnabled":false,"locationContextEnabled":false,"applicationCacheEnabled":false,"browserConnectionEnabled":false,"cssSelectorsEnabled":true,"webStorageEnabled":false,"rotatable":false,"acceptSslCerts":false,"nativeEvents":true,"proxy":{"proxyType":"direct"}}
[INFO  - 2015-07-30T09:28:04.233Z] SessionManagerReqHand - _postNewSessionCommand - New Session Created: 4783e620-369d-11e5-9a08-9bf2407e2a9e
[INFO  - 2015-07-30T09:33:02.285Z] SessionManagerReqHand - _cleanupWindowlessSessions - Asynchronous Sessions clean-up phase starting NOW
[INFO  - 2015-07-30T09:38:02.285Z] SessionManagerReqHand - _cleanupWindowlessSessions - Asynchronous Sessions clean-up phase starting NOW
[INFO  - 2015-07-30T09:43:02.285Z] SessionManagerReqHand - _cleanupWindowlessSessions - Asynchronous Sessions clean-up phase starting NOW
[INFO  - 2015-07-30T09:48:02.285Z] SessionManagerReqHand - _cleanupWindowlessSessions - Asynchronous Sessions clean-up phase starting NOW
[INFO  - 2015-07-30T[INFO  - 2015-07-30T09:48:03.307Z] SessionManagerReqHand - _cleanupWindowlessSessions - Asynchronous Sessions clean-up[INFO  - 2015-07-30T09:48:09.004Z] SessionManagerReqHand - _cleanupWindowlessSessions - Asynchronous Sessions clean-up phase starting NOW
=======
[INFO  - 2015-07-30T09:45:37.662Z] GhostDriver - Main - running on port 49585
[INFO  - 2015-07-30T09:45:38.561Z] Session [bbf1bcb0-369f-11e5-a5d0-2583562e3f99] - page.settings - {"XSSAuditingEnabled":false,"javascriptCanCloseWindows":true,"javascriptCanOpenWindows":true,"javascriptEnabled":true,"loadImages":true,"localToRemoteUrlAccessEnabled":false,"userAgent":"Mozilla/5.0 (Unknown; Linux x86_64) AppleWebKit/538.1 (KHTML, like Gecko) PhantomJS/2.0.1-development Safari/538.1","webSecurityEnabled":true}
[INFO  - 2015-07-30T09:45:38.562Z] Session [bbf1bcb0-369f-11e5-a5d0-2583562e3f99] - page.customHeaders:  - {}
[INFO  - 2015-07-30T09:45:38.562Z] Session [bbf1bcb0-369f-11e5-a5d0-2583562e3f99] - Session.negotiatedCapabilities - {"browserName":"phantomjs","version":"2.0.1","driverName":"ghostdriver","driverVersion":"1.2.0","platform":"linux-unknown-64bit","javascriptEnabled":true,"takesScreenshot":true,"handlesAlerts":false,"databaseEnabled":false,"locationContextEnabled":false,"applicationCacheEnabled":false,"browserConnectionEnabled":false,"cssSelectorsEnabled":true,"webStorageEnabled":false,"rotatable":false,"acceptSslCerts":false,"nativeEvents":true,"proxy":{"proxyType":"direct"}}
[INFO  - 2015-07-30T09:45:38.562Z] SessionManagerReqHand - _postNewSessionCommand - New Session Created: bbf1bcb0-369f-11e5-a5d0-2583562e3f99
[INFO  - 2015-07-30T09:46:09.562Z] SessionManagerReqHand - _cleanupWindowlessSessions - Asynchronous Sessions clean-up phase starting NOW
95

  :262 in error
>>>>>>> 4af3cd8178f9a84c8301e0b609952d3517475e9c
